<?xml version="1.0" encoding="UTF-8"?>
<testng-results ignored="0" total="1" passed="1" failed="0" skipped="0">
  <reporter-output>
  </reporter-output>
  <suite started-at="2025-08-15T22:45:36 IST" name="Default suite" finished-at="2025-08-15T22:46:10 IST" duration-ms="34326">
    <groups>
    </groups>
    <test started-at="2025-08-15T22:45:36 IST" name="Default test" finished-at="2025-08-15T22:46:10 IST" duration-ms="34326">
      <class name="contacts.TC_VT_001_Test">
        <test-method is-config="true" signature="reportConfig()[pri:0, instance:contacts.TC_VT_001_Test@139982de]" started-at="2025-08-15T22:45:35 IST" name="reportConfig" finished-at="2025-08-15T22:45:36 IST" duration-ms="803" status="PASS">
          <reporter-output>
          </reporter-output>
        </test-method> <!-- reportConfig -->
        <test-method is-config="true" signature="openBrowser()[pri:0, instance:contacts.TC_VT_001_Test@139982de]" started-at="2025-08-15T22:45:36 IST" name="openBrowser" finished-at="2025-08-15T22:45:46 IST" duration-ms="9866" status="PASS">
          <reporter-output>
          </reporter-output>
        </test-method> <!-- openBrowser -->
        <test-method is-config="true" signature="login()[pri:0, instance:contacts.TC_VT_001_Test@139982de]" started-at="2025-08-15T22:45:46 IST" name="login" finished-at="2025-08-15T22:45:47 IST" duration-ms="753" status="PASS">
          <reporter-output>
          </reporter-output>
        </test-method> <!-- login -->
        <test-method signature="clickOnContacts()[pri:0, instance:contacts.TC_VT_001_Test@139982de]" started-at="2025-08-15T22:45:47 IST" name="clickOnContacts" finished-at="2025-08-15T22:46:07 IST" duration-ms="19896" status="PASS">
          <reporter-output>
          </reporter-output>
        </test-method> <!-- clickOnContacts -->
        <test-method is-config="true" signature="logout()[pri:0, instance:contacts.TC_VT_001_Test@139982de]" started-at="2025-08-15T22:46:07 IST" name="logout" finished-at="2025-08-15T22:46:09 IST" duration-ms="2818" status="PASS">
          <reporter-output>
          </reporter-output>
        </test-method> <!-- logout -->
        <test-method is-config="true" signature="closeBrowser()[pri:0, instance:contacts.TC_VT_001_Test@139982de]" started-at="2025-08-15T22:46:09 IST" name="closeBrowser" finished-at="2025-08-15T22:46:10 IST" duration-ms="818" status="PASS">
          <reporter-output>
          </reporter-output>
        </test-method> <!-- closeBrowser -->
        <test-method is-config="true" signature="reportBackup()[pri:0, instance:contacts.TC_VT_001_Test@139982de]" started-at="2025-08-15T22:46:10 IST" name="reportBackup" finished-at="2025-08-15T22:46:11 IST" duration-ms="983" status="PASS">
          <reporter-output>
          </reporter-output>
        </test-method> <!-- reportBackup -->
      </class> <!-- contacts.TC_VT_001_Test -->
    </test> <!-- Default test -->
  </suite> <!-- Default suite -->
</testng-results>
