<?xml version="1.0" encoding="UTF-8"?>
<!-- Generated by org.testng.reporters.JUnitXMLReporter -->
<testsuite ignored="8" hostname="LAPTOP-FSH78CGL" failures="1" tests="5" name="Surefire test" time="162.237" errors="0" timestamp="2025-08-15T17:30:51 IST">
  <testcase classname="contacts.TC_VT_001_Test" name="clickOnContacts" time="14.806"/>
  <testcase classname="contacts.TC_VT_002_Test" name="createContact" time="29.104"/>
  <testcase classname="contacts.TC_VT_003_Test" name="createContactWithOrganization" time="29.107"/>
  <testcase classname="organizations.TC_VT_011_Test" name="clickOnOrganization" time="0.029">
    <failure type="java.lang.AssertionError" message="expected [true] but found [false]">
      <![CDATA[java.lang.AssertionError: expected [true] but found [false]
at organizations.TC_VT_011_Test.clickOnOrganization(TC_VT_011_Test.java:19)
at java.base/java.util.ArrayList.forEach(ArrayList.java:1596)
... Removed 34 stack frames]]>
    </failure>
  </testcase> <!-- clickOnOrganization -->
  <testcase classname="organizations.TC_VT_012_Test" name="createOraganzation" time="19.74"/>
  <testcase classname="com.crm.vtiger.genericutility.BaseClass" name="@AfterSuite reportBackup" time="0.0">
    <ignored/>
  </testcase> <!-- @AfterSuite reportBackup -->
  <testcase classname="com.crm.vtiger.genericutility.BaseClass" name="@AfterSuite reportBackup" time="0.0">
    <ignored/>
  </testcase> <!-- @AfterSuite reportBackup -->
  <testcase classname="com.crm.vtiger.genericutility.BaseClass" name="@AfterSuite reportBackup" time="0.0">
    <ignored/>
  </testcase> <!-- @AfterSuite reportBackup -->
  <testcase classname="com.crm.vtiger.genericutility.BaseClass" name="@AfterSuite reportBackup" time="0.0">
    <ignored/>
  </testcase> <!-- @AfterSuite reportBackup -->
  <testcase classname="com.crm.vtiger.genericutility.BaseClass" name="@BeforeSuite reportConfig" time="0.0">
    <ignored/>
  </testcase> <!-- @BeforeSuite reportConfig -->
  <testcase classname="com.crm.vtiger.genericutility.BaseClass" name="@BeforeSuite reportConfig" time="0.0">
    <ignored/>
  </testcase> <!-- @BeforeSuite reportConfig -->
  <testcase classname="com.crm.vtiger.genericutility.BaseClass" name="@BeforeSuite reportConfig" time="0.0">
    <ignored/>
  </testcase> <!-- @BeforeSuite reportConfig -->
  <testcase classname="com.crm.vtiger.genericutility.BaseClass" name="@BeforeSuite reportConfig" time="0.0">
    <ignored/>
  </testcase> <!-- @BeforeSuite reportConfig -->
</testsuite> <!-- Surefire test -->
