<?xml version="1.0" encoding="UTF-8"?>
<testng-results ignored="0" total="5" passed="4" failed="1" skipped="0">
  <reporter-output>
  </reporter-output>
  <suite started-at="2025-08-15T17:28:09 IST" name="Surefire suite" finished-at="2025-08-15T17:30:51 IST" duration-ms="162237">
    <groups>
    </groups>
    <test started-at="2025-08-15T17:28:09 IST" name="Surefire test" finished-at="2025-08-15T17:30:51 IST" duration-ms="162237">
      <class name="contacts.TC_VT_003_Test">
        <test-method is-config="true" signature="openBrowser()[pri:0, instance:contacts.TC_VT_003_Test@29626d54]" started-at="2025-08-15T17:29:21 IST" name="openBrowser" finished-at="2025-08-15T17:29:25 IST" duration-ms="3947" status="PASS">
          <reporter-output>
          </reporter-output>
        </test-method> <!-- openBrowser -->
        <test-method is-config="true" signature="login()[pri:0, instance:contacts.TC_VT_003_Test@29626d54]" started-at="2025-08-15T17:29:25 IST" name="login" finished-at="2025-08-15T17:29:26 IST" duration-ms="513" status="PASS">
          <reporter-output>
          </reporter-output>
        </test-method> <!-- login -->
        <test-method signature="createContactWithOrganization()[pri:0, instance:contacts.TC_VT_003_Test@29626d54]" started-at="2025-08-15T17:29:26 IST" name="createContactWithOrganization" finished-at="2025-08-15T17:29:55 IST" duration-ms="29107" status="PASS">
          <reporter-output>
          </reporter-output>
        </test-method> <!-- createContactWithOrganization -->
        <test-method is-config="true" signature="logout()[pri:0, instance:contacts.TC_VT_003_Test@29626d54]" started-at="2025-08-15T17:29:55 IST" name="logout" finished-at="2025-08-15T17:29:58 IST" duration-ms="3028" status="PASS">
          <reporter-output>
          </reporter-output>
        </test-method> <!-- logout -->
        <test-method is-config="true" signature="closeBrowser()[pri:0, instance:contacts.TC_VT_003_Test@29626d54]" started-at="2025-08-15T17:29:58 IST" name="closeBrowser" finished-at="2025-08-15T17:29:59 IST" duration-ms="515" status="PASS">
          <reporter-output>
          </reporter-output>
        </test-method> <!-- closeBrowser -->
      </class> <!-- contacts.TC_VT_003_Test -->
      <class name="organizations.TC_VT_012_Test">
        <test-method is-config="true" signature="openBrowser()[pri:0, instance:organizations.TC_VT_012_Test@6e4784bc]" started-at="2025-08-15T17:30:19 IST" name="openBrowser" finished-at="2025-08-15T17:30:23 IST" duration-ms="4052" status="PASS">
          <reporter-output>
          </reporter-output>
        </test-method> <!-- openBrowser -->
        <test-method is-config="true" signature="login()[pri:0, instance:organizations.TC_VT_012_Test@6e4784bc]" started-at="2025-08-15T17:30:23 IST" name="login" finished-at="2025-08-15T17:30:28 IST" duration-ms="5520" status="PASS">
          <reporter-output>
          </reporter-output>
        </test-method> <!-- login -->
        <test-method signature="createOraganzation()[pri:0, instance:organizations.TC_VT_012_Test@6e4784bc]" started-at="2025-08-15T17:30:28 IST" name="createOraganzation" finished-at="2025-08-15T17:30:48 IST" duration-ms="19740" status="PASS">
          <reporter-output>
          </reporter-output>
        </test-method> <!-- createOraganzation -->
        <test-method is-config="true" signature="logout()[pri:0, instance:organizations.TC_VT_012_Test@6e4784bc]" started-at="2025-08-15T17:30:48 IST" name="logout" finished-at="2025-08-15T17:30:51 IST" duration-ms="2415" status="PASS">
          <reporter-output>
          </reporter-output>
        </test-method> <!-- logout -->
        <test-method is-config="true" signature="closeBrowser()[pri:0, instance:organizations.TC_VT_012_Test@6e4784bc]" started-at="2025-08-15T17:30:51 IST" name="closeBrowser" finished-at="2025-08-15T17:30:51 IST" duration-ms="547" status="PASS">
          <reporter-output>
          </reporter-output>
        </test-method> <!-- closeBrowser -->
      </class> <!-- organizations.TC_VT_012_Test -->
      <class name="contacts.TC_VT_002_Test">
        <test-method is-config="true" signature="openBrowser()[pri:0, instance:contacts.TC_VT_002_Test@5bd03f44]" started-at="2025-08-15T17:28:39 IST" name="openBrowser" finished-at="2025-08-15T17:28:43 IST" duration-ms="4162" status="PASS">
          <reporter-output>
          </reporter-output>
        </test-method> <!-- openBrowser -->
        <test-method is-config="true" signature="login()[pri:0, instance:contacts.TC_VT_002_Test@5bd03f44]" started-at="2025-08-15T17:28:43 IST" name="login" finished-at="2025-08-15T17:28:44 IST" duration-ms="751" status="PASS">
          <reporter-output>
          </reporter-output>
        </test-method> <!-- login -->
        <test-method signature="createContact()[pri:0, instance:contacts.TC_VT_002_Test@5bd03f44]" started-at="2025-08-15T17:28:44 IST" name="createContact" finished-at="2025-08-15T17:29:13 IST" duration-ms="29104" status="PASS">
          <reporter-output>
          </reporter-output>
        </test-method> <!-- createContact -->
        <test-method is-config="true" signature="logout()[pri:0, instance:contacts.TC_VT_002_Test@5bd03f44]" started-at="2025-08-15T17:29:13 IST" name="logout" finished-at="2025-08-15T17:29:21 IST" duration-ms="8186" status="PASS">
          <reporter-output>
          </reporter-output>
        </test-method> <!-- logout -->
        <test-method is-config="true" signature="closeBrowser()[pri:0, instance:contacts.TC_VT_002_Test@5bd03f44]" started-at="2025-08-15T17:29:21 IST" name="closeBrowser" finished-at="2025-08-15T17:29:21 IST" duration-ms="275" status="PASS">
          <reporter-output>
          </reporter-output>
        </test-method> <!-- closeBrowser -->
      </class> <!-- contacts.TC_VT_002_Test -->
      <class name="contacts.TC_VT_001_Test">
        <test-method is-config="true" signature="reportConfig()[pri:0, instance:contacts.TC_VT_001_Test@3e92efc3]" started-at="2025-08-15T17:28:08 IST" name="reportConfig" finished-at="2025-08-15T17:28:09 IST" duration-ms="610" status="PASS">
          <reporter-output>
          </reporter-output>
        </test-method> <!-- reportConfig -->
        <test-method is-config="true" signature="openBrowser()[pri:0, instance:contacts.TC_VT_001_Test@3e92efc3]" started-at="2025-08-15T17:28:09 IST" name="openBrowser" finished-at="2025-08-15T17:28:15 IST" duration-ms="6002" status="PASS">
          <reporter-output>
          </reporter-output>
        </test-method> <!-- openBrowser -->
        <test-method is-config="true" signature="login()[pri:0, instance:contacts.TC_VT_001_Test@3e92efc3]" started-at="2025-08-15T17:28:15 IST" name="login" finished-at="2025-08-15T17:28:15 IST" duration-ms="531" status="PASS">
          <reporter-output>
          </reporter-output>
        </test-method> <!-- login -->
        <test-method signature="clickOnContacts()[pri:0, instance:contacts.TC_VT_001_Test@3e92efc3]" started-at="2025-08-15T17:28:16 IST" name="clickOnContacts" finished-at="2025-08-15T17:28:30 IST" duration-ms="14806" status="PASS">
          <reporter-output>
          </reporter-output>
        </test-method> <!-- clickOnContacts -->
        <test-method is-config="true" signature="logout()[pri:0, instance:contacts.TC_VT_001_Test@3e92efc3]" started-at="2025-08-15T17:28:30 IST" name="logout" finished-at="2025-08-15T17:28:39 IST" duration-ms="8262" status="PASS">
          <reporter-output>
          </reporter-output>
        </test-method> <!-- logout -->
        <test-method is-config="true" signature="closeBrowser()[pri:0, instance:contacts.TC_VT_001_Test@3e92efc3]" started-at="2025-08-15T17:28:39 IST" name="closeBrowser" finished-at="2025-08-15T17:28:39 IST" duration-ms="424" status="PASS">
          <reporter-output>
          </reporter-output>
        </test-method> <!-- closeBrowser -->
        <test-method is-config="true" signature="reportBackup()[pri:0, instance:contacts.TC_VT_001_Test@3e92efc3]" started-at="2025-08-15T17:30:51 IST" name="reportBackup" finished-at="2025-08-15T17:30:52 IST" duration-ms="944" status="PASS">
          <reporter-output>
          </reporter-output>
        </test-method> <!-- reportBackup -->
      </class> <!-- contacts.TC_VT_001_Test -->
      <class name="organizations.TC_VT_011_Test">
        <test-method is-config="true" signature="openBrowser()[pri:0, instance:organizations.TC_VT_011_Test@5a63f509]" started-at="2025-08-15T17:29:59 IST" name="openBrowser" finished-at="2025-08-15T17:30:02 IST" duration-ms="3633" status="PASS">
          <reporter-output>
          </reporter-output>
        </test-method> <!-- openBrowser -->
        <test-method is-config="true" signature="login()[pri:0, instance:organizations.TC_VT_011_Test@5a63f509]" started-at="2025-08-15T17:30:02 IST" name="login" finished-at="2025-08-15T17:30:03 IST" duration-ms="475" status="PASS">
          <reporter-output>
          </reporter-output>
        </test-method> <!-- login -->
        <test-method signature="clickOnOrganization()[pri:0, instance:organizations.TC_VT_011_Test@5a63f509]" started-at="2025-08-15T17:30:03 IST" name="clickOnOrganization" finished-at="2025-08-15T17:30:03 IST" duration-ms="29" status="FAIL">
          <exception class="java.lang.AssertionError">
            <message>
              <![CDATA[expected [true] but found [false]]]>
            </message>
            <full-stacktrace>
              <![CDATA[java.lang.AssertionError: expected [true] but found [false]
at org.testng.Assert.fail(Assert.java:111)
at org.testng.Assert.failNotEquals(Assert.java:1578)
at org.testng.Assert.assertTrue(Assert.java:57)
at org.testng.Assert.assertTrue(Assert.java:67)
at organizations.TC_VT_011_Test.clickOnOrganization(TC_VT_011_Test.java:19)
at java.base/jdk.internal.reflect.DirectMethodHandleAccessor.invoke(DirectMethodHandleAccessor.java:103)
at java.base/java.lang.reflect.Method.invoke(Method.java:580)
at org.testng.internal.invokers.MethodInvocationHelper.invokeMethod(MethodInvocationHelper.java:141)
at org.testng.internal.invokers.TestInvoker.invokeMethod(TestInvoker.java:686)
at org.testng.internal.invokers.TestInvoker.invokeTestMethod(TestInvoker.java:230)
at org.testng.internal.invokers.MethodRunner.runInSequence(MethodRunner.java:63)
at org.testng.internal.invokers.TestInvoker$MethodInvocationAgent.invoke(TestInvoker.java:992)
at org.testng.internal.invokers.TestInvoker.invokeTestMethods(TestInvoker.java:203)
at org.testng.internal.invokers.TestMethodWorker.invokeTestMethods(TestMethodWorker.java:154)
at org.testng.internal.invokers.TestMethodWorker.run(TestMethodWorker.java:134)
at java.base/java.util.ArrayList.forEach(ArrayList.java:1596)
at org.testng.TestRunner.privateRun(TestRunner.java:739)
at org.testng.TestRunner.run(TestRunner.java:614)
at org.testng.SuiteRunner.runTest(SuiteRunner.java:421)
at org.testng.SuiteRunner.runSequentially(SuiteRunner.java:413)
at org.testng.SuiteRunner.privateRun(SuiteRunner.java:373)
at org.testng.SuiteRunner.run(SuiteRunner.java:312)
at org.testng.SuiteRunnerWorker.runSuite(SuiteRunnerWorker.java:52)
at org.testng.SuiteRunnerWorker.run(SuiteRunnerWorker.java:95)
at org.testng.TestNG.runSuitesSequentially(TestNG.java:1274)
at org.testng.TestNG.runSuitesLocally(TestNG.java:1208)
at org.testng.TestNG.runSuites(TestNG.java:1112)
at org.testng.TestNG.run(TestNG.java:1079)
at org.apache.maven.surefire.testng.TestNGExecutor.run(TestNGExecutor.java:155)
at org.apache.maven.surefire.testng.TestNGDirectoryTestSuite.executeMulti(TestNGDirectoryTestSuite.java:169)
at org.apache.maven.surefire.testng.TestNGDirectoryTestSuite.execute(TestNGDirectoryTestSuite.java:88)
at org.apache.maven.surefire.testng.TestNGProvider.invoke(TestNGProvider.java:137)
at org.apache.maven.surefire.booter.ForkedBooter.runSuitesInProcess(ForkedBooter.java:385)
at org.apache.maven.surefire.booter.ForkedBooter.execute(ForkedBooter.java:162)
at org.apache.maven.surefire.booter.ForkedBooter.run(ForkedBooter.java:507)
at org.apache.maven.surefire.booter.ForkedBooter.main(ForkedBooter.java:495)
]]>
            </full-stacktrace>
          </exception> <!-- java.lang.AssertionError -->
          <reporter-output>
          </reporter-output>
        </test-method> <!-- clickOnOrganization -->
        <test-method is-config="true" signature="logout()[pri:0, instance:organizations.TC_VT_011_Test@5a63f509]" started-at="2025-08-15T17:30:09 IST" name="logout" finished-at="2025-08-15T17:30:17 IST" duration-ms="8261" status="PASS">
          <reporter-output>
          </reporter-output>
        </test-method> <!-- logout -->
        <test-method is-config="true" signature="closeBrowser()[pri:0, instance:organizations.TC_VT_011_Test@5a63f509]" started-at="2025-08-15T17:30:17 IST" name="closeBrowser" finished-at="2025-08-15T17:30:19 IST" duration-ms="2057" status="PASS">
          <reporter-output>
          </reporter-output>
        </test-method> <!-- closeBrowser -->
      </class> <!-- organizations.TC_VT_011_Test -->
    </test> <!-- Surefire test -->
  </suite> <!-- Surefire suite -->
</testng-results>
